2024-06-14 17:36:50,307 [Worker-7: Loading available Gradle versions] INFO  o.e.b.c.i.u.g.PublishedGradleVersions - Gradle version information cache is up-to-date. Trying to read.
2024-06-14 17:38:26,098 [Worker-12: Import Getting Started Content] INFO  o.e.m.c.i.l.LifecycleMappingFactory - Using org.eclipse.m2e.jdt.JarLifecycleMapping lifecycle mapping for MavenProject: com.kartik:projectmanagementsystem:1.0 @ /Users/kartik/Downloads/Project_Management_System/projectmanagementsystem/pom.xml.
2024-06-14 17:38:27,815 [Worker-12: Import Getting Started Content] INFO  o.e.m.j.i.AbstractJavaProjectConfigurator - Adding source folder /projectmanagementsystem/src/main/java
2024-06-14 17:38:27,816 [Worker-12: Import Getting Started Content] INFO  o.e.m.j.i.AbstractJavaProjectConfigurator - Adding resource folder /projectmanagementsystem/src/main/resources
2024-06-14 17:38:27,819 [Worker-12: Import Getting Started Content] INFO  o.e.m.j.i.AbstractJavaProjectConfigurator - Adding resource folder /projectmanagementsystem/src/main/resources
2024-06-14 17:38:27,824 [Worker-12: Import Getting Started Content] INFO  o.e.m.j.i.AbstractJavaProjectConfigurator - Adding source folder /projectmanagementsystem/src/test/java
2024-06-14 17:38:27,824 [Worker-12: Import Getting Started Content] INFO  o.e.m.j.i.AbstractJavaProjectConfigurator - Adding resource folder /projectmanagementsystem/src/test/resources
2024-06-14 17:38:28,721 [Worker-12: Import Getting Started Content] INFO  o.e.m.c.i.p.ProjectConfigurationManager - Imported and configured 1 project(s) in 5 sec
2024-06-14 17:38:28,731 [Worker-12: Import Getting Started Content] INFO  o.e.m.c.i.p.ProjectConfigurationManager - Update started
2024-06-14 17:38:30,199 [Worker-12: Import Getting Started Content] INFO  o.e.m.c.i.l.LifecycleMappingFactory - Using org.eclipse.m2e.jdt.JarLifecycleMapping lifecycle mapping for MavenProject: com.kartik:projectmanagementsystem:1.0 @ /Users/kartik/Downloads/Project_Management_System/projectmanagementsystem/pom.xml.
2024-06-14 17:38:31,721 [Worker-12: Import Getting Started Content] INFO  o.e.m.j.i.AbstractJavaProjectConfigurator - Adding source folder /projectmanagementsystem/src/main/java
2024-06-14 17:38:31,727 [Worker-12: Import Getting Started Content] INFO  o.e.m.j.i.AbstractJavaProjectConfigurator - Adding resource folder /projectmanagementsystem/src/main/resources
2024-06-14 17:38:31,729 [Worker-12: Import Getting Started Content] INFO  o.e.m.j.i.AbstractJavaProjectConfigurator - Adding resource folder /projectmanagementsystem/src/main/resources
2024-06-14 17:38:31,735 [Worker-12: Import Getting Started Content] INFO  o.e.m.j.i.AbstractJavaProjectConfigurator - Adding source folder /projectmanagementsystem/src/test/java
2024-06-14 17:38:31,736 [Worker-12: Import Getting Started Content] INFO  o.e.m.j.i.AbstractJavaProjectConfigurator - Adding resource folder /projectmanagementsystem/src/test/resources
2024-06-14 17:38:33,901 [Worker-12: Import Getting Started Content] INFO  o.e.m.c.i.p.ProjectConfigurationManager - Update completed for 1 poms: local refresh takes 0.00 sec, refresh facades takes 2.00 sec, update config takes 0.00 sec 
2024-06-14 17:38:37,923 [Worker-27: Building] INFO  o.a.m.s.f.DefaultMavenResourcesFiltering - Copying 1 resource from src/main/resources to target/classes
2024-06-14 17:38:37,952 [Worker-27: Building] INFO  o.a.m.s.f.DefaultMavenResourcesFiltering - Copying 0 resource from src/main/resources to target/classes
2024-06-14 17:38:37,965 [Worker-27: Building] INFO  o.a.m.s.f.DefaultMavenResourcesFiltering - skip non existing resourceDirectory /Users/kartik/Downloads/Project_Management_System/projectmanagementsystem/src/test/resources
2024-06-14 17:39:30,744 [Worker-39: Updating Maven Project] INFO  o.e.m.c.i.p.ProjectConfigurationManager - Update started
2024-06-14 17:39:31,198 [Worker-39: Updating Maven Project] INFO  o.e.m.c.i.l.LifecycleMappingFactory - Using org.eclipse.m2e.jdt.JarLifecycleMapping lifecycle mapping for MavenProject: com.kartik:projectmanagementsystem:1.0 @ /Users/kartik/Downloads/Project_Management_System/projectmanagementsystem/pom.xml.
2024-06-14 17:39:31,737 [Worker-39: Updating Maven Project] INFO  o.e.m.j.i.AbstractJavaProjectConfigurator - Adding source folder /projectmanagementsystem/src/main/java
2024-06-14 17:39:31,738 [Worker-39: Updating Maven Project] INFO  o.e.m.j.i.AbstractJavaProjectConfigurator - Adding resource folder /projectmanagementsystem/src/main/resources
2024-06-14 17:39:31,739 [Worker-39: Updating Maven Project] INFO  o.e.m.j.i.AbstractJavaProjectConfigurator - Adding resource folder /projectmanagementsystem/src/main/resources
2024-06-14 17:39:31,740 [Worker-39: Updating Maven Project] INFO  o.e.m.j.i.AbstractJavaProjectConfigurator - Adding source folder /projectmanagementsystem/src/test/java
2024-06-14 17:39:31,740 [Worker-39: Updating Maven Project] INFO  o.e.m.j.i.AbstractJavaProjectConfigurator - Adding resource folder /projectmanagementsystem/src/test/resources
2024-06-14 17:39:32,085 [Worker-39: Updating Maven Project] INFO  o.e.m.c.i.p.ProjectConfigurationManager - Update completed for 1 poms: local refresh takes 0.00 sec, refresh facades takes 0.00 sec, update config takes 0.00 sec 
2024-06-14 17:39:32,971 [Worker-2: Building] INFO  o.a.m.s.f.DefaultMavenResourcesFiltering - Copying 1 resource from src/main/resources to target/classes
2024-06-14 17:39:32,995 [Worker-2: Building] INFO  o.a.m.s.f.DefaultMavenResourcesFiltering - Copying 0 resource from src/main/resources to target/classes
2024-06-14 17:39:33,010 [Worker-2: Building] INFO  o.a.m.s.f.DefaultMavenResourcesFiltering - skip non existing resourceDirectory /Users/kartik/Downloads/Project_Management_System/projectmanagementsystem/src/test/resources
2024-06-14 17:39:36,894 [Worker-37: Launching Executing clean in _Users_kartik_Downloads_Project_Management_System_projectmanagementsystem] INFO  o.eclipse.m2e.core.internal.Bundles - getClasspathEntries(Bundle=org.eclipse.m2e.maven.runtime_3.9.500.20231113-2345 [623])
2024-06-14 17:39:36,902 [Worker-37: Launching Executing clean in _Users_kartik_Downloads_Project_Management_System_projectmanagementsystem] INFO  o.eclipse.m2e.core.internal.Bundles - 	Entry: /Applications/Eclipse.app/Contents/Eclipse/plugins/org.eclipse.m2e.maven.runtime_3.9.500.20231113-2345
2024-06-14 17:39:36,902 [Worker-37: Launching Executing clean in _Users_kartik_Downloads_Project_Management_System_projectmanagementsystem] INFO  o.eclipse.m2e.core.internal.Bundles - 	Entry: /Applications/Eclipse.app/Contents/Eclipse/plugins/org.eclipse.m2e.maven.runtime_3.9.500.20231113-2345/jars/aopalliance-1.0.jar
2024-06-14 17:39:36,902 [Worker-37: Launching Executing clean in _Users_kartik_Downloads_Project_Management_System_projectmanagementsystem] INFO  o.eclipse.m2e.core.internal.Bundles - 	Entry: /Applications/Eclipse.app/Contents/Eclipse/plugins/org.eclipse.m2e.maven.runtime_3.9.500.20231113-2345/jars/guice-5.1.0.jar
2024-06-14 17:39:36,902 [Worker-37: Launching Executing clean in _Users_kartik_Downloads_Project_Management_System_projectmanagementsystem] INFO  o.eclipse.m2e.core.internal.Bundles - 	Entry: /Applications/Eclipse.app/Contents/Eclipse/plugins/org.eclipse.m2e.maven.runtime_3.9.500.20231113-2345/jars/httpclient-4.5.14.jar
2024-06-14 17:39:36,902 [Worker-37: Launching Executing clean in _Users_kartik_Downloads_Project_Management_System_projectmanagementsystem] INFO  o.eclipse.m2e.core.internal.Bundles - 	Entry: /Applications/Eclipse.app/Contents/Eclipse/plugins/org.eclipse.m2e.maven.runtime_3.9.500.20231113-2345/jars/httpcore-4.4.16.jar
2024-06-14 17:39:36,903 [Worker-37: Launching Executing clean in _Users_kartik_Downloads_Project_Management_System_projectmanagementsystem] INFO  o.eclipse.m2e.core.internal.Bundles - 	Entry: /Applications/Eclipse.app/Contents/Eclipse/plugins/org.eclipse.m2e.maven.runtime_3.9.500.20231113-2345/jars/jansi-2.4.0.jar
2024-06-14 17:39:36,903 [Worker-37: Launching Executing clean in _Users_kartik_Downloads_Project_Management_System_projectmanagementsystem] INFO  o.eclipse.m2e.core.internal.Bundles - 	Entry: /Applications/Eclipse.app/Contents/Eclipse/plugins/org.eclipse.m2e.maven.runtime_3.9.500.20231113-2345/jars/jcl-over-slf4j-1.7.36.jar
2024-06-14 17:39:36,903 [Worker-37: Launching Executing clean in _Users_kartik_Downloads_Project_Management_System_projectmanagementsystem] INFO  o.eclipse.m2e.core.internal.Bundles - 	Entry: /Applications/Eclipse.app/Contents/Eclipse/plugins/org.eclipse.m2e.maven.runtime_3.9.500.20231113-2345/jars/maven-artifact-3.9.5.jar
2024-06-14 17:39:36,903 [Worker-37: Launching Executing clean in _Users_kartik_Downloads_Project_Management_System_projectmanagementsystem] INFO  o.eclipse.m2e.core.internal.Bundles - 	Entry: /Applications/Eclipse.app/Contents/Eclipse/plugins/org.eclipse.m2e.maven.runtime_3.9.500.20231113-2345/jars/maven-builder-support-3.9.5.jar
2024-06-14 17:39:36,903 [Worker-37: Launching Executing clean in _Users_kartik_Downloads_Project_Management_System_projectmanagementsystem] INFO  o.eclipse.m2e.core.internal.Bundles - 	Entry: /Applications/Eclipse.app/Contents/Eclipse/plugins/org.eclipse.m2e.maven.runtime_3.9.500.20231113-2345/jars/maven-compat-3.9.5.jar
2024-06-14 17:39:36,903 [Worker-37: Launching Executing clean in _Users_kartik_Downloads_Project_Management_System_projectmanagementsystem] INFO  o.eclipse.m2e.core.internal.Bundles - 	Entry: /Applications/Eclipse.app/Contents/Eclipse/plugins/org.eclipse.m2e.maven.runtime_3.9.500.20231113-2345/jars/maven-core-3.9.5.jar
2024-06-14 17:39:36,903 [Worker-37: Launching Executing clean in _Users_kartik_Downloads_Project_Management_System_projectmanagementsystem] INFO  o.eclipse.m2e.core.internal.Bundles - 	Entry: /Applications/Eclipse.app/Contents/Eclipse/plugins/org.eclipse.m2e.maven.runtime_3.9.500.20231113-2345/jars/maven-embedder-3.9.5.jar
2024-06-14 17:39:36,903 [Worker-37: Launching Executing clean in _Users_kartik_Downloads_Project_Management_System_projectmanagementsystem] INFO  o.eclipse.m2e.core.internal.Bundles - 	Entry: /Applications/Eclipse.app/Contents/Eclipse/plugins/org.eclipse.m2e.maven.runtime_3.9.500.20231113-2345/jars/maven-model-3.9.5.jar
2024-06-14 17:39:36,903 [Worker-37: Launching Executing clean in _Users_kartik_Downloads_Project_Management_System_projectmanagementsystem] INFO  o.eclipse.m2e.core.internal.Bundles - 	Entry: /Applications/Eclipse.app/Contents/Eclipse/plugins/org.eclipse.m2e.maven.runtime_3.9.500.20231113-2345/jars/maven-model-builder-3.9.5.jar
2024-06-14 17:39:36,903 [Worker-37: Launching Executing clean in _Users_kartik_Downloads_Project_Management_System_projectmanagementsystem] INFO  o.eclipse.m2e.core.internal.Bundles - 	Entry: /Applications/Eclipse.app/Contents/Eclipse/plugins/org.eclipse.m2e.maven.runtime_3.9.500.20231113-2345/jars/maven-plugin-api-3.9.5.jar
2024-06-14 17:39:36,903 [Worker-37: Launching Executing clean in _Users_kartik_Downloads_Project_Management_System_projectmanagementsystem] INFO  o.eclipse.m2e.core.internal.Bundles - 	Entry: /Applications/Eclipse.app/Contents/Eclipse/plugins/org.eclipse.m2e.maven.runtime_3.9.500.20231113-2345/jars/maven-repository-metadata-3.9.5.jar
2024-06-14 17:39:36,903 [Worker-37: Launching Executing clean in _Users_kartik_Downloads_Project_Management_System_projectmanagementsystem] INFO  o.eclipse.m2e.core.internal.Bundles - 	Entry: /Applications/Eclipse.app/Contents/Eclipse/plugins/org.eclipse.m2e.maven.runtime_3.9.500.20231113-2345/jars/maven-resolver-api-1.9.16.jar
2024-06-14 17:39:36,903 [Worker-37: Launching Executing clean in _Users_kartik_Downloads_Project_Management_System_projectmanagementsystem] INFO  o.eclipse.m2e.core.internal.Bundles - 	Entry: /Applications/Eclipse.app/Contents/Eclipse/plugins/org.eclipse.m2e.maven.runtime_3.9.500.20231113-2345/jars/maven-resolver-connector-basic-1.9.16.jar
2024-06-14 17:39:36,903 [Worker-37: Launching Executing clean in _Users_kartik_Downloads_Project_Management_System_projectmanagementsystem] INFO  o.eclipse.m2e.core.internal.Bundles - 	Entry: /Applications/Eclipse.app/Contents/Eclipse/plugins/org.eclipse.m2e.maven.runtime_3.9.500.20231113-2345/jars/maven-resolver-impl-1.9.16.jar
2024-06-14 17:39:36,903 [Worker-37: Launching Executing clean in _Users_kartik_Downloads_Project_Management_System_projectmanagementsystem] INFO  o.eclipse.m2e.core.internal.Bundles - 	Entry: /Applications/Eclipse.app/Contents/Eclipse/plugins/org.eclipse.m2e.maven.runtime_3.9.500.20231113-2345/jars/maven-resolver-named-locks-1.9.16.jar
2024-06-14 17:39:36,905 [Worker-37: Launching Executing clean in _Users_kartik_Downloads_Project_Management_System_projectmanagementsystem] INFO  o.eclipse.m2e.core.internal.Bundles - 	Entry: /Applications/Eclipse.app/Contents/Eclipse/plugins/org.eclipse.m2e.maven.runtime_3.9.500.20231113-2345/jars/maven-resolver-provider-3.9.5.jar
2024-06-14 17:39:36,905 [Worker-37: Launching Executing clean in _Users_kartik_Downloads_Project_Management_System_projectmanagementsystem] INFO  o.eclipse.m2e.core.internal.Bundles - 	Entry: /Applications/Eclipse.app/Contents/Eclipse/plugins/org.eclipse.m2e.maven.runtime_3.9.500.20231113-2345/jars/maven-resolver-spi-1.9.16.jar
2024-06-14 17:39:36,905 [Worker-37: Launching Executing clean in _Users_kartik_Downloads_Project_Management_System_projectmanagementsystem] INFO  o.eclipse.m2e.core.internal.Bundles - 	Entry: /Applications/Eclipse.app/Contents/Eclipse/plugins/org.eclipse.m2e.maven.runtime_3.9.500.20231113-2345/jars/maven-resolver-transport-file-1.9.16.jar
2024-06-14 17:39:36,906 [Worker-37: Launching Executing clean in _Users_kartik_Downloads_Project_Management_System_projectmanagementsystem] INFO  o.eclipse.m2e.core.internal.Bundles - 	Entry: /Applications/Eclipse.app/Contents/Eclipse/plugins/org.eclipse.m2e.maven.runtime_3.9.500.20231113-2345/jars/maven-resolver-transport-http-1.9.16.jar
2024-06-14 17:39:36,906 [Worker-37: Launching Executing clean in _Users_kartik_Downloads_Project_Management_System_projectmanagementsystem] INFO  o.eclipse.m2e.core.internal.Bundles - 	Entry: /Applications/Eclipse.app/Contents/Eclipse/plugins/org.eclipse.m2e.maven.runtime_3.9.500.20231113-2345/jars/maven-resolver-transport-wagon-1.9.16.jar
2024-06-14 17:39:36,906 [Worker-37: Launching Executing clean in _Users_kartik_Downloads_Project_Management_System_projectmanagementsystem] INFO  o.eclipse.m2e.core.internal.Bundles - 	Entry: /Applications/Eclipse.app/Contents/Eclipse/plugins/org.eclipse.m2e.maven.runtime_3.9.500.20231113-2345/jars/maven-resolver-util-1.9.16.jar
2024-06-14 17:39:36,906 [Worker-37: Launching Executing clean in _Users_kartik_Downloads_Project_Management_System_projectmanagementsystem] INFO  o.eclipse.m2e.core.internal.Bundles - 	Entry: /Applications/Eclipse.app/Contents/Eclipse/plugins/org.eclipse.m2e.maven.runtime_3.9.500.20231113-2345/jars/maven-settings-3.9.5.jar
2024-06-14 17:39:36,906 [Worker-37: Launching Executing clean in _Users_kartik_Downloads_Project_Management_System_projectmanagementsystem] INFO  o.eclipse.m2e.core.internal.Bundles - 	Entry: /Applications/Eclipse.app/Contents/Eclipse/plugins/org.eclipse.m2e.maven.runtime_3.9.500.20231113-2345/jars/maven-settings-builder-3.9.5.jar
2024-06-14 17:39:36,906 [Worker-37: Launching Executing clean in _Users_kartik_Downloads_Project_Management_System_projectmanagementsystem] INFO  o.eclipse.m2e.core.internal.Bundles - 	Entry: /Applications/Eclipse.app/Contents/Eclipse/plugins/org.eclipse.m2e.maven.runtime_3.9.500.20231113-2345/jars/maven-shared-utils-3.3.4.jar
2024-06-14 17:39:36,906 [Worker-37: Launching Executing clean in _Users_kartik_Downloads_Project_Management_System_projectmanagementsystem] INFO  o.eclipse.m2e.core.internal.Bundles - 	Entry: /Applications/Eclipse.app/Contents/Eclipse/plugins/org.eclipse.m2e.maven.runtime_3.9.500.20231113-2345/jars/org.eclipse.sisu.inject-0.3.5.jar
2024-06-14 17:39:36,907 [Worker-37: Launching Executing clean in _Users_kartik_Downloads_Project_Management_System_projectmanagementsystem] INFO  o.eclipse.m2e.core.internal.Bundles - 	Entry: /Applications/Eclipse.app/Contents/Eclipse/plugins/org.eclipse.m2e.maven.runtime_3.9.500.20231113-2345/jars/org.eclipse.sisu.plexus-0.3.5.jar
2024-06-14 17:39:36,907 [Worker-37: Launching Executing clean in _Users_kartik_Downloads_Project_Management_System_projectmanagementsystem] INFO  o.eclipse.m2e.core.internal.Bundles - 	Entry: /Applications/Eclipse.app/Contents/Eclipse/plugins/org.eclipse.m2e.maven.runtime_3.9.500.20231113-2345/jars/plexus-build-api-0.0.7.jar
2024-06-14 17:39:36,907 [Worker-37: Launching Executing clean in _Users_kartik_Downloads_Project_Management_System_projectmanagementsystem] INFO  o.eclipse.m2e.core.internal.Bundles - 	Entry: /Applications/Eclipse.app/Contents/Eclipse/plugins/org.eclipse.m2e.maven.runtime_3.9.500.20231113-2345/jars/plexus-cipher-2.0.jar
2024-06-14 17:39:36,907 [Worker-37: Launching Executing clean in _Users_kartik_Downloads_Project_Management_System_projectmanagementsystem] INFO  o.eclipse.m2e.core.internal.Bundles - 	Entry: /Applications/Eclipse.app/Contents/Eclipse/plugins/org.eclipse.m2e.maven.runtime_3.9.500.20231113-2345/jars/plexus-classworlds-2.7.0.jar
2024-06-14 17:39:36,908 [Worker-37: Launching Executing clean in _Users_kartik_Downloads_Project_Management_System_projectmanagementsystem] INFO  o.eclipse.m2e.core.internal.Bundles - 	Entry: /Applications/Eclipse.app/Contents/Eclipse/plugins/org.eclipse.m2e.maven.runtime_3.9.500.20231113-2345/jars/plexus-component-annotations-2.1.0.jar
2024-06-14 17:39:36,908 [Worker-37: Launching Executing clean in _Users_kartik_Downloads_Project_Management_System_projectmanagementsystem] INFO  o.eclipse.m2e.core.internal.Bundles - 	Entry: /Applications/Eclipse.app/Contents/Eclipse/plugins/org.eclipse.m2e.maven.runtime_3.9.500.20231113-2345/jars/plexus-interpolation-1.26.jar
2024-06-14 17:39:36,908 [Worker-37: Launching Executing clean in _Users_kartik_Downloads_Project_Management_System_projectmanagementsystem] INFO  o.eclipse.m2e.core.internal.Bundles - 	Entry: /Applications/Eclipse.app/Contents/Eclipse/plugins/org.eclipse.m2e.maven.runtime_3.9.500.20231113-2345/jars/plexus-sec-dispatcher-2.0.jar
2024-06-14 17:39:36,910 [Worker-37: Launching Executing clean in _Users_kartik_Downloads_Project_Management_System_projectmanagementsystem] INFO  o.eclipse.m2e.core.internal.Bundles - 	Entry: /Applications/Eclipse.app/Contents/Eclipse/plugins/org.eclipse.m2e.maven.runtime_3.9.500.20231113-2345/jars/plexus-utils-3.5.1.jar
2024-06-14 17:39:36,910 [Worker-37: Launching Executing clean in _Users_kartik_Downloads_Project_Management_System_projectmanagementsystem] INFO  o.eclipse.m2e.core.internal.Bundles - 	Entry: /Applications/Eclipse.app/Contents/Eclipse/plugins/org.eclipse.m2e.maven.runtime_3.9.500.20231113-2345/jars/wagon-file-3.5.3.jar
2024-06-14 17:39:36,911 [Worker-37: Launching Executing clean in _Users_kartik_Downloads_Project_Management_System_projectmanagementsystem] INFO  o.eclipse.m2e.core.internal.Bundles - 	Entry: /Applications/Eclipse.app/Contents/Eclipse/plugins/org.eclipse.m2e.maven.runtime_3.9.500.20231113-2345/jars/wagon-http-3.5.3.jar
2024-06-14 17:39:36,911 [Worker-37: Launching Executing clean in _Users_kartik_Downloads_Project_Management_System_projectmanagementsystem] INFO  o.eclipse.m2e.core.internal.Bundles - 	Entry: /Applications/Eclipse.app/Contents/Eclipse/plugins/org.eclipse.m2e.maven.runtime_3.9.500.20231113-2345/jars/wagon-http-shared-3.5.3.jar
2024-06-14 17:39:36,911 [Worker-37: Launching Executing clean in _Users_kartik_Downloads_Project_Management_System_projectmanagementsystem] INFO  o.eclipse.m2e.core.internal.Bundles - 	Entry: /Applications/Eclipse.app/Contents/Eclipse/plugins/org.eclipse.m2e.maven.runtime_3.9.500.20231113-2345/jars/wagon-provider-api-3.5.3.jar
2024-06-14 17:39:36,912 [Worker-37: Launching Executing clean in _Users_kartik_Downloads_Project_Management_System_projectmanagementsystem] INFO  o.eclipse.m2e.core.internal.Bundles - getClasspathEntries(Bundle=com.google.guava_32.1.3.jre [12])
2024-06-14 17:39:36,913 [Worker-37: Launching Executing clean in _Users_kartik_Downloads_Project_Management_System_projectmanagementsystem] INFO  o.eclipse.m2e.core.internal.Bundles - 	Entry: /Applications/Eclipse.app/Contents/Eclipse/plugins/com.google.guava_32.1.3.jre.jar
2024-06-14 17:39:36,913 [Worker-37: Launching Executing clean in _Users_kartik_Downloads_Project_Management_System_projectmanagementsystem] INFO  o.eclipse.m2e.core.internal.Bundles - getClasspathEntries(Bundle=slf4j.api_2.0.9 [982])
2024-06-14 17:39:36,913 [Worker-37: Launching Executing clean in _Users_kartik_Downloads_Project_Management_System_projectmanagementsystem] INFO  o.eclipse.m2e.core.internal.Bundles - 	Entry: /Applications/Eclipse.app/Contents/Eclipse/plugins/slf4j.api_2.0.9.jar
2024-06-14 17:39:36,913 [Worker-37: Launching Executing clean in _Users_kartik_Downloads_Project_Management_System_projectmanagementsystem] INFO  o.eclipse.m2e.core.internal.Bundles - getClasspathEntries(Bundle=jakarta.inject.jakarta.inject-api_1.0.5 [29])
2024-06-14 17:39:36,913 [Worker-37: Launching Executing clean in _Users_kartik_Downloads_Project_Management_System_projectmanagementsystem] INFO  o.eclipse.m2e.core.internal.Bundles - 	Entry: /Applications/Eclipse.app/Contents/Eclipse/plugins/jakarta.inject.jakarta.inject-api_1.0.5.jar
2024-06-14 17:39:36,913 [Worker-37: Launching Executing clean in _Users_kartik_Downloads_Project_Management_System_projectmanagementsystem] INFO  o.eclipse.m2e.core.internal.Bundles - getClasspathEntries(Bundle=jakarta.annotation-api_1.3.5 [24])
2024-06-14 17:39:36,913 [Worker-37: Launching Executing clean in _Users_kartik_Downloads_Project_Management_System_projectmanagementsystem] INFO  o.eclipse.m2e.core.internal.Bundles - 	Entry: /Applications/Eclipse.app/Contents/Eclipse/plugins/jakarta.annotation-api_1.3.5.jar
2024-06-14 17:39:36,913 [Worker-37: Launching Executing clean in _Users_kartik_Downloads_Project_Management_System_projectmanagementsystem] INFO  o.eclipse.m2e.core.internal.Bundles - getClasspathEntries(Bundle=org.apache.commons.cli_1.6.0 [71])
2024-06-14 17:39:36,913 [Worker-37: Launching Executing clean in _Users_kartik_Downloads_Project_Management_System_projectmanagementsystem] INFO  o.eclipse.m2e.core.internal.Bundles - 	Entry: /Applications/Eclipse.app/Contents/Eclipse/plugins/org.apache.commons.cli_1.6.0.jar
2024-06-14 17:39:36,913 [Worker-37: Launching Executing clean in _Users_kartik_Downloads_Project_Management_System_projectmanagementsystem] INFO  o.eclipse.m2e.core.internal.Bundles - getClasspathEntries(Bundle=org.apache.commons.commons-codec_1.16.0 [75])
2024-06-14 17:39:36,913 [Worker-37: Launching Executing clean in _Users_kartik_Downloads_Project_Management_System_projectmanagementsystem] INFO  o.eclipse.m2e.core.internal.Bundles - 	Entry: /Applications/Eclipse.app/Contents/Eclipse/plugins/org.apache.commons.commons-codec_1.16.0.jar
2024-06-14 17:39:36,913 [Worker-37: Launching Executing clean in _Users_kartik_Downloads_Project_Management_System_projectmanagementsystem] INFO  o.eclipse.m2e.core.internal.Bundles - getClasspathEntries(Bundle=org.apache.commons.lang3_3.14.0 [988])
2024-06-14 17:39:36,913 [Worker-37: Launching Executing clean in _Users_kartik_Downloads_Project_Management_System_projectmanagementsystem] INFO  o.eclipse.m2e.core.internal.Bundles - 	Entry: /Applications/Eclipse.app/Contents/Eclipse/plugins/org.apache.commons.lang3_3.14.0.jar
2024-06-14 17:39:36,913 [Worker-37: Launching Executing clean in _Users_kartik_Downloads_Project_Management_System_projectmanagementsystem] INFO  o.eclipse.m2e.core.internal.Bundles - getClasspathEntries(Bundle=com.google.guava.failureaccess_1.0.2 [13])
2024-06-14 17:39:36,913 [Worker-37: Launching Executing clean in _Users_kartik_Downloads_Project_Management_System_projectmanagementsystem] INFO  o.eclipse.m2e.core.internal.Bundles - 	Entry: /Applications/Eclipse.app/Contents/Eclipse/plugins/com.google.guava.failureaccess_1.0.2.jar
2024-06-14 17:39:36,925 [Worker-37: Launching Executing clean in _Users_kartik_Downloads_Project_Management_System_projectmanagementsystem] INFO  o.e.m.i.launch.MavenLaunchDelegate - Run build in "/Users/kartik/Downloads/Project_Management_System/projectmanagementsystem":
2024-06-14 17:39:36,936 [Worker-37: Launching Executing clean in _Users_kartik_Downloads_Project_Management_System_projectmanagementsystem] INFO  o.e.m.i.launch.MavenLaunchDelegate -  mvn  -Ppom.xml -B -Dstyle.color=always clean
2024-06-14 17:40:50,830 [Worker-0: Building] INFO  o.a.m.s.f.DefaultMavenResourcesFiltering - Copying 0 resource from src/main/resources to target/classes
2024-06-14 17:40:50,836 [Worker-0: Building] INFO  o.a.m.s.f.DefaultMavenResourcesFiltering - Copying 0 resource from src/main/resources to target/classes
2024-06-14 17:40:50,843 [Worker-0: Building] INFO  o.a.m.s.f.DefaultMavenResourcesFiltering - skip non existing resourceDirectory /Users/kartik/Downloads/Project_Management_System/projectmanagementsystem/src/test/resources
2024-06-14 17:41:30,158 [Worker-30: Building] INFO  o.a.m.s.f.DefaultMavenResourcesFiltering - Copying 0 resource from src/main/resources to target/classes
2024-06-14 17:41:30,161 [Worker-30: Building] INFO  o.a.m.s.f.DefaultMavenResourcesFiltering - Copying 0 resource from src/main/resources to target/classes
2024-06-14 17:41:30,169 [Worker-30: Building] INFO  o.a.m.s.f.DefaultMavenResourcesFiltering - skip non existing resourceDirectory /Users/kartik/Downloads/Project_Management_System/projectmanagementsystem/src/test/resources
2024-06-14 17:42:15,063 [Worker-33: Building] INFO  o.a.m.s.f.DefaultMavenResourcesFiltering - Copying 0 resource from src/main/resources to target/classes
2024-06-14 17:42:15,068 [Worker-33: Building] INFO  o.a.m.s.f.DefaultMavenResourcesFiltering - Copying 0 resource from src/main/resources to target/classes
2024-06-14 17:42:15,080 [Worker-33: Building] INFO  o.a.m.s.f.DefaultMavenResourcesFiltering - skip non existing resourceDirectory /Users/kartik/Downloads/Project_Management_System/projectmanagementsystem/src/test/resources
2024-06-14 17:43:48,209 [Worker-15: Building] INFO  o.a.m.s.f.DefaultMavenResourcesFiltering - Copying 0 resource from src/main/resources to target/classes
2024-06-14 17:43:48,214 [Worker-15: Building] INFO  o.a.m.s.f.DefaultMavenResourcesFiltering - Copying 0 resource from src/main/resources to target/classes
2024-06-14 17:43:48,223 [Worker-15: Building] INFO  o.a.m.s.f.DefaultMavenResourcesFiltering - skip non existing resourceDirectory /Users/kartik/Downloads/Project_Management_System/projectmanagementsystem/src/test/resources
2024-06-14 17:44:37,909 [Worker-11: Building] INFO  o.a.m.s.f.DefaultMavenResourcesFiltering - Copying 1 resource from src/main/resources to target/classes
2024-06-14 17:44:37,917 [Worker-11: Building] INFO  o.a.m.s.f.DefaultMavenResourcesFiltering - Copying 0 resource from src/main/resources to target/classes
2024-06-14 17:44:37,928 [Worker-11: Building] INFO  o.a.m.s.f.DefaultMavenResourcesFiltering - skip non existing resourceDirectory /Users/kartik/Downloads/Project_Management_System/projectmanagementsystem/src/test/resources
2024-06-14 17:45:14,028 [Worker-29: Building] INFO  o.a.m.s.f.DefaultMavenResourcesFiltering - Copying 1 resource from src/main/resources to target/classes
2024-06-14 17:45:14,047 [Worker-29: Building] INFO  o.a.m.s.f.DefaultMavenResourcesFiltering - Copying 0 resource from src/main/resources to target/classes
2024-06-14 17:45:14,051 [Worker-29: Building] INFO  o.a.m.s.f.DefaultMavenResourcesFiltering - skip non existing resourceDirectory /Users/kartik/Downloads/Project_Management_System/projectmanagementsystem/src/test/resources
2024-06-14 17:45:43,184 [Worker-6: Building] INFO  o.a.m.s.f.DefaultMavenResourcesFiltering - Copying 1 resource from src/main/resources to target/classes
2024-06-14 17:45:43,197 [Worker-6: Building] INFO  o.a.m.s.f.DefaultMavenResourcesFiltering - Copying 0 resource from src/main/resources to target/classes
2024-06-14 17:45:43,206 [Worker-6: Building] INFO  o.a.m.s.f.DefaultMavenResourcesFiltering - skip non existing resourceDirectory /Users/kartik/Downloads/Project_Management_System/projectmanagementsystem/src/test/resources
2024-06-14 17:46:09,596 [Worker-11: Launching projectmanagementsystem - ProjectmanagementsystemApplication] INFO  o.e.m.c.i.l.LifecycleMappingFactory - Using org.eclipse.m2e.jdt.JarLifecycleMapping lifecycle mapping for MavenProject: com.kartik:projectmanagementsystem:1.0 @ /Users/kartik/Downloads/Project_Management_System/projectmanagementsystem/pom.xml.
2024-06-14 17:46:10,206 [Worker-11: Launching projectmanagementsystem - ProjectmanagementsystemApplication] INFO  o.a.m.s.f.DefaultMavenResourcesFiltering - Copying 1 resource from src/main/resources to target/classes
2024-06-14 17:46:10,218 [Worker-11: Launching projectmanagementsystem - ProjectmanagementsystemApplication] INFO  o.a.m.s.f.DefaultMavenResourcesFiltering - Copying 0 resource from src/main/resources to target/classes
2024-06-14 17:46:10,221 [Worker-11: Launching projectmanagementsystem - ProjectmanagementsystemApplication] INFO  o.a.m.s.f.DefaultMavenResourcesFiltering - skip non existing resourceDirectory /Users/kartik/Downloads/Project_Management_System/projectmanagementsystem/src/test/resources
2024-06-14 17:49:23,849 [Worker-41: Launching projectmanagementsystem - ProjectmanagementsystemApplication] INFO  o.a.m.s.f.DefaultMavenResourcesFiltering - Copying 1 resource from src/main/resources to target/classes
2024-06-14 17:49:23,878 [Worker-41: Launching projectmanagementsystem - ProjectmanagementsystemApplication] INFO  o.a.m.s.f.DefaultMavenResourcesFiltering - Copying 0 resource from src/main/resources to target/classes
2024-06-14 17:49:23,884 [Worker-41: Launching projectmanagementsystem - ProjectmanagementsystemApplication] INFO  o.a.m.s.f.DefaultMavenResourcesFiltering - skip non existing resourceDirectory /Users/kartik/Downloads/Project_Management_System/projectmanagementsystem/src/test/resources
2024-06-14 17:52:16,746 [Worker-8: Building] INFO  o.a.m.s.f.DefaultMavenResourcesFiltering - Copying 1 resource from src/main/resources to target/classes
2024-06-14 17:52:16,781 [Worker-8: Building] INFO  o.a.m.s.f.DefaultMavenResourcesFiltering - Copying 0 resource from src/main/resources to target/classes
2024-06-14 17:52:16,797 [Worker-8: Building] INFO  o.a.m.s.f.DefaultMavenResourcesFiltering - skip non existing resourceDirectory /Users/kartik/Downloads/Project_Management_System/projectmanagementsystem/src/test/resources
2024-06-14 17:58:47,342 [Worker-43: Building] INFO  o.a.m.s.f.DefaultMavenResourcesFiltering - Copying 1 resource from src/main/resources to target/classes
2024-06-14 17:58:47,367 [Worker-43: Building] INFO  o.a.m.s.f.DefaultMavenResourcesFiltering - Copying 0 resource from src/main/resources to target/classes
2024-06-14 17:58:47,371 [Worker-43: Building] INFO  o.a.m.s.f.DefaultMavenResourcesFiltering - skip non existing resourceDirectory /Users/kartik/Downloads/Project_Management_System/projectmanagementsystem/src/test/resources
2024-06-14 18:03:15,064 [Worker-45: Building] INFO  o.a.m.s.f.DefaultMavenResourcesFiltering - Copying 1 resource from src/main/resources to target/classes
2024-06-14 18:03:15,085 [Worker-45: Building] INFO  o.a.m.s.f.DefaultMavenResourcesFiltering - Copying 0 resource from src/main/resources to target/classes
2024-06-14 18:03:15,096 [Worker-45: Building] INFO  o.a.m.s.f.DefaultMavenResourcesFiltering - skip non existing resourceDirectory /Users/kartik/Downloads/Project_Management_System/projectmanagementsystem/src/test/resources
2024-06-14 18:07:57,765 [Worker-0: Building] INFO  o.a.m.s.f.DefaultMavenResourcesFiltering - Copying 1 resource from src/main/resources to target/classes
2024-06-14 18:07:57,781 [Worker-0: Building] INFO  o.a.m.s.f.DefaultMavenResourcesFiltering - Copying 0 resource from src/main/resources to target/classes
2024-06-14 18:07:57,787 [Worker-0: Building] INFO  o.a.m.s.f.DefaultMavenResourcesFiltering - skip non existing resourceDirectory /Users/kartik/Downloads/Project_Management_System/projectmanagementsystem/src/test/resources
2024-06-14 18:08:17,766 [Worker-43: Building] INFO  o.a.m.s.f.DefaultMavenResourcesFiltering - Copying 1 resource from src/main/resources to target/classes
2024-06-14 18:08:17,773 [Worker-43: Building] INFO  o.a.m.s.f.DefaultMavenResourcesFiltering - Copying 0 resource from src/main/resources to target/classes
2024-06-14 18:08:17,778 [Worker-43: Building] INFO  o.a.m.s.f.DefaultMavenResourcesFiltering - skip non existing resourceDirectory /Users/kartik/Downloads/Project_Management_System/projectmanagementsystem/src/test/resources
2024-06-14 18:11:35,986 [Worker-52: Building] INFO  o.a.m.s.f.DefaultMavenResourcesFiltering - Copying 1 resource from src/main/resources to target/classes
2024-06-14 18:11:36,033 [Worker-52: Building] INFO  o.a.m.s.f.DefaultMavenResourcesFiltering - Copying 0 resource from src/main/resources to target/classes
2024-06-14 18:11:36,068 [Worker-52: Building] INFO  o.a.m.s.f.DefaultMavenResourcesFiltering - skip non existing resourceDirectory /Users/kartik/Downloads/Project_Management_System/projectmanagementsystem/src/test/resources
2024-06-14 18:24:59,312 [Worker-61: Launching projectmanagementsystem - ProjectmanagementsystemApplication] INFO  o.a.m.s.f.DefaultMavenResourcesFiltering - Copying 1 resource from src/main/resources to target/classes
2024-06-14 18:24:59,330 [Worker-61: Launching projectmanagementsystem - ProjectmanagementsystemApplication] INFO  o.a.m.s.f.DefaultMavenResourcesFiltering - Copying 0 resource from src/main/resources to target/classes
2024-06-14 18:24:59,334 [Worker-61: Launching projectmanagementsystem - ProjectmanagementsystemApplication] INFO  o.a.m.s.f.DefaultMavenResourcesFiltering - skip non existing resourceDirectory /Users/kartik/Downloads/Project_Management_System/projectmanagementsystem/src/test/resources
